# JRE version: OpenJDK Runtime Environment (8.0_112-b06) (build 1.8.0_112-release-b06)
# Java VM: OpenJDK 64-Bit Server VM (25.112-b06 mixed mode windows-amd64 compressed oops)
Heap:
 PSYoungGen      total 96768K, used 70598K [0x00000000e0000000, 0x00000000e6b00000, 0x0000000100000000)
  eden space 85504K, 71% used [0x00000000e0000000,0x00000000e3b4e3a8,0x00000000e5380000)
  from space 11264K, 87% used [0x00000000e5f00000,0x00000000e68a36a0,0x00000000e6a00000)
  to   space 11776K, 0% used [0x00000000e5380000,0x00000000e5380000,0x00000000e5f00000)
 ParOldGen       total 72704K, used 15101K [0x00000000a0000000, 0x00000000a4700000, 0x00000000e0000000)
  object space 72704K, 20% used [0x00000000a0000000,0x00000000a0ebf7d0,0x00000000a4700000)
 Metaspace       used 46627K, capacity 48002K, committed 48128K, reserved 1091584K
  class space    used 6314K, capacity 6645K, committed 6656K, reserved 1048576K
GC Heap History (10 events):
Event: 16.924 GC heap before
{Heap before GC invocations=10 (full 1):
 PSYoungGen      total 62976K, used 59398K [0x00000000e0000000, 0x00000000e4d00000, 0x0000000100000000)
  eden space 53760K, 100% used [0x00000000e0000000,0x00000000e3480000,0x00000000e3480000)
  from space 9216K, 61% used [0x00000000e3d00000,0x00000000e4281a30,0x00000000e4600000)
  to   space 8704K, 0% used [0x00000000e3480000,0x00000000e3480000,0x00000000e3d00000)
 ParOldGen       total 51712K, used 8931K [0x00000000a0000000, 0x00000000a3280000, 0x00000000e0000000)
  object space 51712K, 17% used [0x00000000a0000000,0x00000000a08b8cf0,0x00000000a3280000)
 Metaspace       used 33236K, capacity 33784K, committed 34176K, reserved 1079296K
  class space    used 4453K, capacity 4615K, committed 4736K, reserved 1048576K
Event: 16.943 GC heap after
Heap after GC invocations=10 (full 1):
 PSYoungGen      total 62464K, used 8683K [0x00000000e0000000, 0x00000000e5400000, 0x0000000100000000)
  eden space 53760K, 0% used [0x00000000e0000000,0x00000000e0000000,0x00000000e3480000)
  from space 8704K, 99% used [0x00000000e3480000,0x00000000e3cfaf18,0x00000000e3d00000)
  to   space 10240K, 0% used [0x00000000e4a00000,0x00000000e4a00000,0x00000000e5400000)
 ParOldGen       total 51712K, used 9684K [0x00000000a0000000, 0x00000000a3280000, 0x00000000e0000000)
  object space 51712K, 18% used [0x00000000a0000000,0x00000000a09753d8,0x00000000a3280000)
 Metaspace       used 33236K, capacity 33784K, committed 34176K, reserved 1079296K
  class space    used 4453K, capacity 4615K, committed 4736K, reserved 1048576K
}
Event: 17.534 GC heap before
{Heap before GC invocations=11 (full 1):
 PSYoungGen      total 62464K, used 50929K [0x00000000e0000000, 0x00000000e5400000, 0x0000000100000000)
  eden space 53760K, 78% used [0x00000000e0000000,0x00000000e2941588,0x00000000e3480000)
  from space 8704K, 99% used [0x00000000e3480000,0x00000000e3cfaf18,0x00000000e3d00000)
  to   space 10240K, 0% used [0x00000000e4a00000,0x00000000e4a00000,0x00000000e5400000)
 ParOldGen       total 51712K, used 9684K [0x00000000a0000000, 0x00000000a3280000, 0x00000000e0000000)
  object space 51712K, 18% used [0x00000000a0000000,0x00000000a09753d8,0x00000000a3280000)
 Metaspace       used 34810K, capacity 35350K, committed 35496K, reserved 1079296K
  class space    used 4653K, capacity 4816K, committed 4864K, reserved 1048576K
Event: 17.557 GC heap after
Heap after GC invocations=11 (full 1):
 PSYoungGen      total 75264K, used 8743K [0x00000000e0000000, 0x00000000e5a80000, 0x0000000100000000)
  eden space 65024K, 0% used [0x00000000e0000000,0x00000000e0000000,0x00000000e3f80000)
  from space 10240K, 85% used [0x00000000e4a00000,0x00000000e5289e48,0x00000000e5400000)
  to   space 10752K, 0% used [0x00000000e3f80000,0x00000000e3f80000,0x00000000e4a00000)
 ParOldGen       total 51712K, used 9692K [0x00000000a0000000, 0x00000000a3280000, 0x00000000e0000000)
  object space 51712K, 18% used [0x00000000a0000000,0x00000000a09773d8,0x00000000a3280000)
 Metaspace       used 34810K, capacity 35350K, committed 35496K, reserved 1079296K
  class space    used 4653K, capacity 4816K, committed 4864K, reserved 1048576K
}
Event: 17.557 GC heap before
{Heap before GC invocations=12 (full 2):
 PSYoungGen      total 75264K, used 8743K [0x00000000e0000000, 0x00000000e5a80000, 0x0000000100000000)
  eden space 65024K, 0% used [0x00000000e0000000,0x00000000e0000000,0x00000000e3f80000)
  from space 10240K, 85% used [0x00000000e4a00000,0x00000000e5289e48,0x00000000e5400000)
  to   space 10752K, 0% used [0x00000000e3f80000,0x00000000e3f80000,0x00000000e4a00000)
 ParOldGen       total 51712K, used 9692K [0x00000000a0000000, 0x00000000a3280000, 0x00000000e0000000)
  object space 51712K, 18% used [0x00000000a0000000,0x00000000a09773d8,0x00000000a3280000)
 Metaspace       used 34810K, capacity 35350K, committed 35496K, reserved 1079296K
  class space    used 4653K, capacity 4816K, committed 4864K, reserved 1048576K
Event: 17.663 GC heap after
Heap after GC invocations=12 (full 2):
 PSYoungGen      total 75264K, used 0K [0x00000000e0000000, 0x00000000e5a80000, 0x0000000100000000)
  eden space 65024K, 0% used [0x00000000e0000000,0x00000000e0000000,0x00000000e3f80000)
  from space 10240K, 0% used [0x00000000e4a00000,0x00000000e4a00000,0x00000000e5400000)
  to   space 10752K, 0% used [0x00000000e3f80000,0x00000000e3f80000,0x00000000e4a00000)
 ParOldGen       total 72704K, used 15085K [0x00000000a0000000, 0x00000000a4700000, 0x00000000e0000000)
  object space 72704K, 20% used [0x00000000a0000000,0x00000000a0ebb7d0,0x00000000a4700000)
 Metaspace       used 34810K, capacity 35350K, committed 35496K, reserved 1079296K
  class space    used 4653K, capacity 4816K, committed 4864K, reserved 1048576K
}
Event: 22.066 GC heap before
{Heap before GC invocations=13 (full 2):
 PSYoungGen      total 75264K, used 65024K [0x00000000e0000000, 0x00000000e5a80000, 0x0000000100000000)
  eden space 65024K, 100% used [0x00000000e0000000,0x00000000e3f80000,0x00000000e3f80000)
  from space 10240K, 0% used [0x00000000e4a00000,0x00000000e4a00000,0x00000000e5400000)
  to   space 10752K, 0% used [0x00000000e3f80000,0x00000000e3f80000,0x00000000e4a00000)
 ParOldGen       total 72704K, used 15085K [0x00000000a0000000, 0x00000000a4700000, 0x00000000e0000000)
  object space 72704K, 20% used [0x00000000a0000000,0x00000000a0ebb7d0,0x00000000a4700000)
 Metaspace       used 41871K, capacity 42612K, committed 42752K, reserved 1085440K
  class space    used 5629K, capacity 5838K, committed 5888K, reserved 1048576K
Event: 22.078 GC heap after
Heap after GC invocations=13 (full 2):
 PSYoungGen      total 75776K, used 8447K [0x00000000e0000000, 0x00000000e6a00000, 0x0000000100000000)
  eden space 65024K, 0% used [0x00000000e0000000,0x00000000e0000000,0x00000000e3f80000)
  from space 10752K, 78% used [0x00000000e3f80000,0x00000000e47bfe38,0x00000000e4a00000)
  to   space 11264K, 0% used [0x00000000e5f00000,0x00000000e5f00000,0x00000000e6a00000)
 ParOldGen       total 72704K, used 15093K [0x00000000a0000000, 0x00000000a4700000, 0x00000000e0000000)
  object space 72704K, 20% used [0x00000000a0000000,0x00000000a0ebd7d0,0x00000000a4700000)
 Metaspace       used 41871K, capacity 42612K, committed 42752K, reserved 1085440K
  class space    used 5629K, capacity 5838K, committed 5888K, reserved 1048576K
}
Event: 23.994 GC heap before
{Heap before GC invocations=14 (full 2):
 PSYoungGen      total 75776K, used 73471K [0x00000000e0000000, 0x00000000e6a00000, 0x0000000100000000)
  eden space 65024K, 100% used [0x00000000e0000000,0x00000000e3f80000,0x00000000e3f80000)
  from space 10752K, 78% used [0x00000000e3f80000,0x00000000e47bfe38,0x00000000e4a00000)
  to   space 11264K, 0% used [0x00000000e5f00000,0x00000000e5f00000,0x00000000e6a00000)
 ParOldGen       total 72704K, used 15093K [0x00000000a0000000, 0x00000000a4700000, 0x00000000e0000000)
  object space 72704K, 20% used [0x00000000a0000000,0x00000000a0ebd7d0,0x00000000a4700000)
 Metaspace       used 43417K, capacity 44250K, committed 44416K, reserved 1087488K
  class space    used 5788K, capacity 6003K, committed 6016K, reserved 1048576K
Event: 24.017 GC heap after
Heap after GC invocations=14 (full 2):
 PSYoungGen      total 96768K, used 9869K [0x00000000e0000000, 0x00000000e6b00000, 0x0000000100000000)
  eden space 85504K, 0% used [0x00000000e0000000,0x00000000e0000000,0x00000000e5380000)
  from space 11264K, 87% used [0x00000000e5f00000,0x00000000e68a36a0,0x00000000e6a00000)
  to   space 11776K, 0% used [0x00000000e5380000,0x00000000e5380000,0x00000000e5f00000)
 ParOldGen       total 72704K, used 15101K [0x00000000a0000000, 0x00000000a4700000, 0x00000000e0000000)
  object space 72704K, 20% used [0x00000000a0000000,0x00000000a0ebf7d0,0x00000000a4700000)
 Metaspace       used 43417K, capacity 44250K, committed 44416K, reserved 1087488K
  class space    used 5788K, capacity 6003K, committed 6016K, reserved 1048576K
}

