# JRE version: OpenJDK Runtime Environment (8.0_112-b06) (build 1.8.0_112-release-b06)
# Java VM: OpenJDK 64-Bit Server VM (25.112-b06 mixed mode windows-amd64 compressed oops)
Heap:
 PSYoungGen      total 92672K, used 13789K [0x00000000e0000000, 0x00000000e6780000, 0x0000000100000000)
  eden space 81920K, 5% used [0x00000000e0000000,0x00000000e04c2778,0x00000000e5000000)
  from space 10752K, 82% used [0x00000000e5b00000,0x00000000e63b4c98,0x00000000e6580000)
  to   space 11264K, 0% used [0x00000000e5000000,0x00000000e5000000,0x00000000e5b00000)
 ParOldGen       total 74752K, used 15578K [0x00000000a0000000, 0x00000000a4900000, 0x00000000e0000000)
  object space 74752K, 20% used [0x00000000a0000000,0x00000000a0f368b0,0x00000000a4900000)
 Metaspace       used 42877K, capacity 43678K, committed 43904K, reserved 1087488K
  class space    used 5714K, capacity 5941K, committed 6016K, reserved 1048576K
GC Heap History (10 events):
Event: 14.193 GC heap before
{Heap before GC invocations=10 (full 1):
 PSYoungGen      total 60928K, used 57464K [0x00000000e0000000, 0x00000000e4d00000, 0x0000000100000000)
  eden space 51712K, 100% used [0x00000000e0000000,0x00000000e3280000,0x00000000e3280000)
  from space 9216K, 62% used [0x00000000e3b00000,0x00000000e409e3d0,0x00000000e4400000)
  to   space 8704K, 0% used [0x00000000e3280000,0x00000000e3280000,0x00000000e3b00000)
 ParOldGen       total 52736K, used 9099K [0x00000000a0000000, 0x00000000a3380000, 0x00000000e0000000)
  object space 52736K, 17% used [0x00000000a0000000,0x00000000a08e2dc8,0x00000000a3380000)
 Metaspace       used 32506K, capacity 33076K, committed 33280K, reserved 1077248K
  class space    used 4361K, capacity 4505K, committed 4608K, reserved 1048576K
Event: 14.212 GC heap after
Heap after GC invocations=10 (full 1):
 PSYoungGen      total 60416K, used 8681K [0x00000000e0000000, 0x00000000e5100000, 0x0000000100000000)
  eden space 51712K, 0% used [0x00000000e0000000,0x00000000e0000000,0x00000000e3280000)
  from space 8704K, 99% used [0x00000000e3280000,0x00000000e3afa638,0x00000000e3b00000)
  to   space 9728K, 0% used [0x00000000e4780000,0x00000000e4780000,0x00000000e5100000)
 ParOldGen       total 52736K, used 9210K [0x00000000a0000000, 0x00000000a3380000, 0x00000000e0000000)
  object space 52736K, 17% used [0x00000000a0000000,0x00000000a08fea70,0x00000000a3380000)
 Metaspace       used 32506K, capacity 33076K, committed 33280K, reserved 1077248K
  class space    used 4361K, capacity 4505K, committed 4608K, reserved 1048576K
}
Event: 14.726 GC heap before
{Heap before GC invocations=11 (full 1):
 PSYoungGen      total 60416K, used 55123K [0x00000000e0000000, 0x00000000e5100000, 0x0000000100000000)
  eden space 51712K, 89% used [0x00000000e0000000,0x00000000e2d5a7e0,0x00000000e3280000)
  from space 8704K, 99% used [0x00000000e3280000,0x00000000e3afa638,0x00000000e3b00000)
  to   space 9728K, 0% used [0x00000000e4780000,0x00000000e4780000,0x00000000e5100000)
 ParOldGen       total 52736K, used 9210K [0x00000000a0000000, 0x00000000a3380000, 0x00000000e0000000)
  object space 52736K, 17% used [0x00000000a0000000,0x00000000a08fea70,0x00000000a3380000)
 Metaspace       used 34766K, capacity 35382K, committed 35496K, reserved 1079296K
  class space    used 4651K, capacity 4848K, committed 4864K, reserved 1048576K
Event: 14.748 GC heap after
Heap after GC invocations=11 (full 1):
 PSYoungGen      total 72192K, used 9151K [0x00000000e0000000, 0x00000000e5880000, 0x0000000100000000)
  eden space 62464K, 0% used [0x00000000e0000000,0x00000000e0000000,0x00000000e3d00000)
  from space 9728K, 94% used [0x00000000e4780000,0x00000000e506fe70,0x00000000e5100000)
  to   space 10752K, 0% used [0x00000000e3d00000,0x00000000e3d00000,0x00000000e4780000)
 ParOldGen       total 52736K, used 9218K [0x00000000a0000000, 0x00000000a3380000, 0x00000000e0000000)
  object space 52736K, 17% used [0x00000000a0000000,0x00000000a0900a70,0x00000000a3380000)
 Metaspace       used 34766K, capacity 35382K, committed 35496K, reserved 1079296K
  class space    used 4651K, capacity 4848K, committed 4864K, reserved 1048576K
}
Event: 14.748 GC heap before
{Heap before GC invocations=12 (full 2):
 PSYoungGen      total 72192K, used 9151K [0x00000000e0000000, 0x00000000e5880000, 0x0000000100000000)
  eden space 62464K, 0% used [0x00000000e0000000,0x00000000e0000000,0x00000000e3d00000)
  from space 9728K, 94% used [0x00000000e4780000,0x00000000e506fe70,0x00000000e5100000)
  to   space 10752K, 0% used [0x00000000e3d00000,0x00000000e3d00000,0x00000000e4780000)
 ParOldGen       total 52736K, used 9218K [0x00000000a0000000, 0x00000000a3380000, 0x00000000e0000000)
  object space 52736K, 17% used [0x00000000a0000000,0x00000000a0900a70,0x00000000a3380000)
 Metaspace       used 34766K, capacity 35382K, committed 35496K, reserved 1079296K
  class space    used 4651K, capacity 4848K, committed 4864K, reserved 1048576K
Event: 14.864 GC heap after
Heap after GC invocations=12 (full 2):
 PSYoungGen      total 72192K, used 0K [0x00000000e0000000, 0x00000000e5880000, 0x0000000100000000)
  eden space 62464K, 0% used [0x00000000e0000000,0x00000000e0000000,0x00000000e3d00000)
  from space 9728K, 0% used [0x00000000e4780000,0x00000000e4780000,0x00000000e5100000)
  to   space 10752K, 0% used [0x00000000e3d00000,0x00000000e3d00000,0x00000000e4780000)
 ParOldGen       total 74752K, used 15562K [0x00000000a0000000, 0x00000000a4900000, 0x00000000e0000000)
  object space 74752K, 20% used [0x00000000a0000000,0x00000000a0f328b0,0x00000000a4900000)
 Metaspace       used 34766K, capacity 35382K, committed 35496K, reserved 1079296K
  class space    used 4651K, capacity 4848K, committed 4864K, reserved 1048576K
}
Event: 16.849 GC heap before
{Heap before GC invocations=13 (full 2):
 PSYoungGen      total 72192K, used 62464K [0x00000000e0000000, 0x00000000e5880000, 0x0000000100000000)
  eden space 62464K, 100% used [0x00000000e0000000,0x00000000e3d00000,0x00000000e3d00000)
  from space 9728K, 0% used [0x00000000e4780000,0x00000000e4780000,0x00000000e5100000)
  to   space 10752K, 0% used [0x00000000e3d00000,0x00000000e3d00000,0x00000000e4780000)
 ParOldGen       total 74752K, used 15562K [0x00000000a0000000, 0x00000000a4900000, 0x00000000e0000000)
  object space 74752K, 20% used [0x00000000a0000000,0x00000000a0f328b0,0x00000000a4900000)
 Metaspace       used 39478K, capacity 40232K, committed 40448K, reserved 1083392K
  class space    used 5324K, capacity 5540K, committed 5632K, reserved 1048576K
Event: 16.858 GC heap after
Heap after GC invocations=13 (full 2):
 PSYoungGen      total 73216K, used 7789K [0x00000000e0000000, 0x00000000e6580000, 0x0000000100000000)
  eden space 62464K, 0% used [0x00000000e0000000,0x00000000e0000000,0x00000000e3d00000)
  from space 10752K, 72% used [0x00000000e3d00000,0x00000000e449b798,0x00000000e4780000)
  to   space 10752K, 0% used [0x00000000e5b00000,0x00000000e5b00000,0x00000000e6580000)
 ParOldGen       total 74752K, used 15570K [0x00000000a0000000, 0x00000000a4900000, 0x00000000e0000000)
  object space 74752K, 20% used [0x00000000a0000000,0x00000000a0f348b0,0x00000000a4900000)
 Metaspace       used 39478K, capacity 40232K, committed 40448K, reserved 1083392K
  class space    used 5324K, capacity 5540K, committed 5632K, reserved 1048576K
}
Event: 17.562 GC heap before
{Heap before GC invocations=14 (full 2):
 PSYoungGen      total 73216K, used 70253K [0x00000000e0000000, 0x00000000e6580000, 0x0000000100000000)
  eden space 62464K, 100% used [0x00000000e0000000,0x00000000e3d00000,0x00000000e3d00000)
  from space 10752K, 72% used [0x00000000e3d00000,0x00000000e449b798,0x00000000e4780000)
  to   space 10752K, 0% used [0x00000000e5b00000,0x00000000e5b00000,0x00000000e6580000)
 ParOldGen       total 74752K, used 15570K [0x00000000a0000000, 0x00000000a4900000, 0x00000000e0000000)
  object space 74752K, 20% used [0x00000000a0000000,0x00000000a0f348b0,0x00000000a4900000)
 Metaspace       used 42540K, capacity 43330K, committed 43648K, reserved 1087488K
  class space    used 5674K, capacity 5893K, committed 6016K, reserved 1048576K
Event: 17.576 GC heap after
Heap after GC invocations=14 (full 2):
 PSYoungGen      total 92672K, used 8915K [0x00000000e0000000, 0x00000000e6780000, 0x0000000100000000)
  eden space 81920K, 0% used [0x00000000e0000000,0x00000000e0000000,0x00000000e5000000)
  from space 10752K, 82% used [0x00000000e5b00000,0x00000000e63b4c98,0x00000000e6580000)
  to   space 11264K, 0% used [0x00000000e5000000,0x00000000e5000000,0x00000000e5b00000)
 ParOldGen       total 74752K, used 15578K [0x00000000a0000000, 0x00000000a4900000, 0x00000000e0000000)
  object space 74752K, 20% used [0x00000000a0000000,0x00000000a0f368b0,0x00000000a4900000)
 Metaspace       used 42540K, capacity 43330K, committed 43648K, reserved 1087488K
  class space    used 5674K, capacity 5893K, committed 6016K, reserved 1048576K
}

