# JRE version: OpenJDK Runtime Environment (8.0_112-b06) (build 1.8.0_112-release-b06)
# Java VM: OpenJDK 64-Bit Server VM (25.112-b06 mixed mode windows-amd64 compressed oops)
Heap:
 PSYoungGen      total 147968K, used 133120K [0x00000000e0000000, 0x00000000eaa00000, 0x0000000100000000)
  eden space 133120K, 100% used [0x00000000e0000000,0x00000000e8200000,0x00000000e8200000)
  from space 14848K, 0% used [0x00000000e9b80000,0x00000000e9b80000,0x00000000eaa00000)
  to   space 20480K, 0% used [0x00000000e8200000,0x00000000e8200000,0x00000000e9600000)
 ParOldGen       total 110592K, used 110568K [0x00000000a0000000, 0x00000000a6c00000, 0x00000000e0000000)
  object space 110592K, 99% used [0x00000000a0000000,0x00000000a6bfa018,0x00000000a6c00000)
 Metaspace       used 66633K, capacity 68664K, committed 68992K, reserved 1110016K
  class space    used 8386K, capacity 8737K, committed 8832K, reserved 1048576K
GC Heap History (10 events):
Event: 2368.240 GC heap after
Heap after GC invocations=30 (full 4):
 PSYoungGen      total 147968K, used 0K [0x00000000e0000000, 0x00000000eaa00000, 0x0000000100000000)
  eden space 133120K, 0% used [0x00000000e0000000,0x00000000e0000000,0x00000000e8200000)
  from space 14848K, 0% used [0x00000000e9b80000,0x00000000e9b80000,0x00000000eaa00000)
  to   space 20480K, 0% used [0x00000000e8200000,0x00000000e8200000,0x00000000e9600000)
 ParOldGen       total 110592K, used 88740K [0x00000000a0000000, 0x00000000a6c00000, 0x00000000e0000000)
  object space 110592K, 80% used [0x00000000a0000000,0x00000000a56a9340,0x00000000a6c00000)
 Metaspace       used 66504K, capacity 68472K, committed 68736K, reserved 1110016K
  class space    used 8384K, capacity 8737K, committed 8832K, reserved 1048576K
}
Event: 2368.761 GC heap before
{Heap before GC invocations=31 (full 5):
 PSYoungGen      total 147968K, used 133120K [0x00000000e0000000, 0x00000000eaa00000, 0x0000000100000000)
  eden space 133120K, 100% used [0x00000000e0000000,0x00000000e8200000,0x00000000e8200000)
  from space 14848K, 0% used [0x00000000e9b80000,0x00000000e9b80000,0x00000000eaa00000)
  to   space 20480K, 0% used [0x00000000e8200000,0x00000000e8200000,0x00000000e9600000)
 ParOldGen       total 110592K, used 88740K [0x00000000a0000000, 0x00000000a6c00000, 0x00000000e0000000)
  object space 110592K, 80% used [0x00000000a0000000,0x00000000a56a9340,0x00000000a6c00000)
 Metaspace       used 66550K, capacity 68536K, committed 68736K, reserved 1110016K
  class space    used 8385K, capacity 8737K, committed 8832K, reserved 1048576K
Event: 2369.345 GC heap after
Heap after GC invocations=31 (full 5):
 PSYoungGen      total 147968K, used 0K [0x00000000e0000000, 0x00000000eaa00000, 0x0000000100000000)
  eden space 133120K, 0% used [0x00000000e0000000,0x00000000e0000000,0x00000000e8200000)
  from space 14848K, 0% used [0x00000000e9b80000,0x00000000e9b80000,0x00000000eaa00000)
  to   space 20480K, 0% used [0x00000000e8200000,0x00000000e8200000,0x00000000e9600000)
 ParOldGen       total 110592K, used 99080K [0x00000000a0000000, 0x00000000a6c00000, 0x00000000e0000000)
  object space 110592K, 89% used [0x00000000a0000000,0x00000000a60c23c0,0x00000000a6c00000)
 Metaspace       used 66550K, capacity 68536K, committed 68736K, reserved 1110016K
  class space    used 8385K, capacity 8737K, committed 8832K, reserved 1048576K
}
Event: 2369.745 GC heap before
{Heap before GC invocations=32 (full 6):
 PSYoungGen      total 147968K, used 133120K [0x00000000e0000000, 0x00000000eaa00000, 0x0000000100000000)
  eden space 133120K, 100% used [0x00000000e0000000,0x00000000e8200000,0x00000000e8200000)
  from space 14848K, 0% used [0x00000000e9b80000,0x00000000e9b80000,0x00000000eaa00000)
  to   space 20480K, 0% used [0x00000000e8200000,0x00000000e8200000,0x00000000e9600000)
 ParOldGen       total 110592K, used 99080K [0x00000000a0000000, 0x00000000a6c00000, 0x00000000e0000000)
  object space 110592K, 89% used [0x00000000a0000000,0x00000000a60c23c0,0x00000000a6c00000)
 Metaspace       used 66556K, capacity 68600K, committed 68992K, reserved 1110016K
  class space    used 8385K, capacity 8737K, committed 8832K, reserved 1048576K
Event: 2370.770 GC heap after
Heap after GC invocations=32 (full 6):
 PSYoungGen      total 147968K, used 5453K [0x00000000e0000000, 0x00000000eaa00000, 0x0000000100000000)
  eden space 133120K, 4% used [0x00000000e0000000,0x00000000e0553728,0x00000000e8200000)
  from space 14848K, 0% used [0x00000000e9b80000,0x00000000e9b80000,0x00000000eaa00000)
  to   space 20480K, 0% used [0x00000000e8200000,0x00000000e8200000,0x00000000e9600000)
 ParOldGen       total 110592K, used 110552K [0x00000000a0000000, 0x00000000a6c00000, 0x00000000e0000000)
  object space 110592K, 99% used [0x00000000a0000000,0x00000000a6bf6030,0x00000000a6c00000)
 Metaspace       used 66556K, capacity 68600K, committed 68992K, reserved 1110016K
  class space    used 8385K, capacity 8737K, committed 8832K, reserved 1048576K
}
Event: 2371.168 GC heap before
{Heap before GC invocations=33 (full 7):
 PSYoungGen      total 147968K, used 133120K [0x00000000e0000000, 0x00000000eaa00000, 0x0000000100000000)
  eden space 133120K, 100% used [0x00000000e0000000,0x00000000e8200000,0x00000000e8200000)
  from space 14848K, 0% used [0x00000000e9b80000,0x00000000e9b80000,0x00000000eaa00000)
  to   space 20480K, 0% used [0x00000000e8200000,0x00000000e8200000,0x00000000e9600000)
 ParOldGen       total 110592K, used 110552K [0x00000000a0000000, 0x00000000a6c00000, 0x00000000e0000000)
  object space 110592K, 99% used [0x00000000a0000000,0x00000000a6bf6030,0x00000000a6c00000)
 Metaspace       used 66569K, capacity 68600K, committed 68992K, reserved 1110016K
  class space    used 8385K, capacity 8737K, committed 8832K, reserved 1048576K
Event: 2372.064 GC heap after
Heap after GC invocations=33 (full 7):
 PSYoungGen      total 147968K, used 22585K [0x00000000e0000000, 0x00000000eaa00000, 0x0000000100000000)
  eden space 133120K, 16% used [0x00000000e0000000,0x00000000e160e550,0x00000000e8200000)
  from space 14848K, 0% used [0x00000000e9b80000,0x00000000e9b80000,0x00000000eaa00000)
  to   space 20480K, 0% used [0x00000000e8200000,0x00000000e8200000,0x00000000e9600000)
 ParOldGen       total 110592K, used 110510K [0x00000000a0000000, 0x00000000a6c00000, 0x00000000e0000000)
  object space 110592K, 99% used [0x00000000a0000000,0x00000000a6beb958,0x00000000a6c00000)
 Metaspace       used 66569K, capacity 68600K, committed 68992K, reserved 1110016K
  class space    used 8385K, capacity 8737K, committed 8832K, reserved 1048576K
}
Event: 2372.978 GC heap before
{Heap before GC invocations=34 (full 8):
 PSYoungGen      total 147968K, used 133120K [0x00000000e0000000, 0x00000000eaa00000, 0x0000000100000000)
  eden space 133120K, 100% used [0x00000000e0000000,0x00000000e8200000,0x00000000e8200000)
  from space 14848K, 0% used [0x00000000e9b80000,0x00000000e9b80000,0x00000000eaa00000)
  to   space 20480K, 0% used [0x00000000e8200000,0x00000000e8200000,0x00000000e9600000)
 ParOldGen       total 110592K, used 110510K [0x00000000a0000000, 0x00000000a6c00000, 0x00000000e0000000)
  object space 110592K, 99% used [0x00000000a0000000,0x00000000a6beb958,0x00000000a6c00000)
 Metaspace       used 66623K, capacity 68600K, committed 68992K, reserved 1110016K
  class space    used 8386K, capacity 8737K, committed 8832K, reserved 1048576K
Event: 2373.923 GC heap after
Heap after GC invocations=34 (full 8):
 PSYoungGen      total 147968K, used 23066K [0x00000000e0000000, 0x00000000eaa00000, 0x0000000100000000)
  eden space 133120K, 17% used [0x00000000e0000000,0x00000000e16869b0,0x00000000e8200000)
  from space 14848K, 0% used [0x00000000e9b80000,0x00000000e9b80000,0x00000000eaa00000)
  to   space 20480K, 0% used [0x00000000e8200000,0x00000000e8200000,0x00000000e9600000)
 ParOldGen       total 110592K, used 110568K [0x00000000a0000000, 0x00000000a6c00000, 0x00000000e0000000)
  object space 110592K, 99% used [0x00000000a0000000,0x00000000a6bfa018,0x00000000a6c00000)
 Metaspace       used 66623K, capacity 68600K, committed 68992K, reserved 1110016K
  class space    used 8386K, capacity 8737K, committed 8832K, reserved 1048576K
}
Event: 2374.385 GC heap before
{Heap before GC invocations=35 (full 9):
 PSYoungGen      total 147968K, used 133120K [0x00000000e0000000, 0x00000000eaa00000, 0x0000000100000000)
  eden space 133120K, 100% used [0x00000000e0000000,0x00000000e8200000,0x00000000e8200000)
  from space 14848K, 0% used [0x00000000e9b80000,0x00000000e9b80000,0x00000000eaa00000)
  to   space 20480K, 0% used [0x00000000e8200000,0x00000000e8200000,0x00000000e9600000)
 ParOldGen       total 110592K, used 110568K [0x00000000a0000000, 0x00000000a6c00000, 0x00000000e0000000)
  object space 110592K, 99% used [0x00000000a0000000,0x00000000a6bfa018,0x00000000a6c00000)
 Metaspace       used 66633K, capacity 68664K, committed 68992K, reserved 1110016K
  class space    used 8386K, capacity 8737K, committed 8832K, reserved 1048576K

