# JRE version: OpenJDK Runtime Environment (8.0_112-b06) (build 1.8.0_112-release-b06)
# Java VM: OpenJDK 64-Bit Server VM (25.112-b06 mixed mode windows-amd64 compressed oops)
Heap:
 PSYoungGen      total 327168K, used 164908K [0x00000000e0000000, 0x00000000f6700000, 0x0000000100000000)
  eden space 286720K, 46% used [0x00000000e0000000,0x00000000e8224000,0x00000000f1800000)
  from space 40448K, 78% used [0x00000000f1800000,0x00000000f36e72f8,0x00000000f3f80000)
  to   space 38400K, 0% used [0x00000000f4180000,0x00000000f4180000,0x00000000f6700000)
 ParOldGen       total 117248K, used 96849K [0x00000000a0000000, 0x00000000a7280000, 0x00000000e0000000)
  object space 117248K, 82% used [0x00000000a0000000,0x00000000a5e94548,0x00000000a7280000)
 Metaspace       used 73240K, capacity 76450K, committed 76672K, reserved 1116160K
  class space    used 9370K, capacity 9990K, committed 10112K, reserved 1048576K
GC Heap History (10 events):
Event: 1095.936 GC heap before
{Heap before GC invocations=26 (full 3):
 PSYoungGen      total 217600K, used 198971K [0x00000000e0000000, 0x00000000ef600000, 0x0000000100000000)
  eden space 192512K, 100% used [0x00000000e0000000,0x00000000ebc00000,0x00000000ebc00000)
  from space 25088K, 25% used [0x00000000edd80000,0x00000000ee3cedd0,0x00000000ef600000)
  to   space 29696K, 0% used [0x00000000ebc00000,0x00000000ebc00000,0x00000000ed900000)
 ParOldGen       total 117248K, used 50902K [0x00000000a0000000, 0x00000000a7280000, 0x00000000e0000000)
  object space 117248K, 43% used [0x00000000a0000000,0x00000000a31b5838,0x00000000a7280000)
 Metaspace       used 72237K, capacity 75456K, committed 75776K, reserved 1116160K
  class space    used 9337K, capacity 9957K, committed 9984K, reserved 1048576K
Event: 1095.969 GC heap after
Heap after GC invocations=26 (full 3):
 PSYoungGen      total 222208K, used 21581K [0x00000000e0000000, 0x00000000f2600000, 0x0000000100000000)
  eden space 192512K, 0% used [0x00000000e0000000,0x00000000e0000000,0x00000000ebc00000)
  from space 29696K, 72% used [0x00000000ebc00000,0x00000000ed1134a0,0x00000000ed900000)
  to   space 31744K, 0% used [0x00000000f0700000,0x00000000f0700000,0x00000000f2600000)
 ParOldGen       total 117248K, used 51898K [0x00000000a0000000, 0x00000000a7280000, 0x00000000e0000000)
  object space 117248K, 44% used [0x00000000a0000000,0x00000000a32ae878,0x00000000a7280000)
 Metaspace       used 72237K, capacity 75456K, committed 75776K, reserved 1116160K
  class space    used 9337K, capacity 9957K, committed 9984K, reserved 1048576K
}
Event: 1097.330 GC heap before
{Heap before GC invocations=27 (full 3):
 PSYoungGen      total 222208K, used 214093K [0x00000000e0000000, 0x00000000f2600000, 0x0000000100000000)
  eden space 192512K, 100% used [0x00000000e0000000,0x00000000ebc00000,0x00000000ebc00000)
  from space 29696K, 72% used [0x00000000ebc00000,0x00000000ed1134a0,0x00000000ed900000)
  to   space 31744K, 0% used [0x00000000f0700000,0x00000000f0700000,0x00000000f2600000)
 ParOldGen       total 117248K, used 51898K [0x00000000a0000000, 0x00000000a7280000, 0x00000000e0000000)
  object space 117248K, 44% used [0x00000000a0000000,0x00000000a32ae878,0x00000000a7280000)
 Metaspace       used 72843K, capacity 76066K, committed 76416K, reserved 1116160K
  class space    used 9362K, capacity 9990K, committed 10112K, reserved 1048576K
Event: 1097.386 GC heap after
Heap after GC invocations=27 (full 3):
 PSYoungGen      total 262144K, used 31728K [0x00000000e0000000, 0x00000000f3d00000, 0x0000000100000000)
  eden space 230400K, 0% used [0x00000000e0000000,0x00000000e0000000,0x00000000ee100000)
  from space 31744K, 99% used [0x00000000f0700000,0x00000000f25fc188,0x00000000f2600000)
  to   space 38912K, 0% used [0x00000000ee100000,0x00000000ee100000,0x00000000f0700000)
 ParOldGen       total 117248K, used 58156K [0x00000000a0000000, 0x00000000a7280000, 0x00000000e0000000)
  object space 117248K, 49% used [0x00000000a0000000,0x00000000a38cb088,0x00000000a7280000)
 Metaspace       used 72843K, capacity 76066K, committed 76416K, reserved 1116160K
  class space    used 9362K, capacity 9990K, committed 10112K, reserved 1048576K
}
Event: 1098.531 GC heap before
{Heap before GC invocations=28 (full 3):
 PSYoungGen      total 262144K, used 262128K [0x00000000e0000000, 0x00000000f3d00000, 0x0000000100000000)
  eden space 230400K, 100% used [0x00000000e0000000,0x00000000ee100000,0x00000000ee100000)
  from space 31744K, 99% used [0x00000000f0700000,0x00000000f25fc188,0x00000000f2600000)
  to   space 38912K, 0% used [0x00000000ee100000,0x00000000ee100000,0x00000000f0700000)
 ParOldGen       total 117248K, used 58156K [0x00000000a0000000, 0x00000000a7280000, 0x00000000e0000000)
  object space 117248K, 49% used [0x00000000a0000000,0x00000000a38cb088,0x00000000a7280000)
 Metaspace       used 73039K, capacity 76258K, committed 76672K, reserved 1116160K
  class space    used 9369K, capacity 9990K, committed 10112K, reserved 1048576K
Event: 1098.638 GC heap after
Heap after GC invocations=28 (full 3):
 PSYoungGen      total 269312K, used 31247K [0x00000000e0000000, 0x00000000f6a80000, 0x0000000100000000)
  eden space 230400K, 0% used [0x00000000e0000000,0x00000000e0000000,0x00000000ee100000)
  from space 38912K, 80% used [0x00000000ee100000,0x00000000eff83cc0,0x00000000f0700000)
  to   space 41984K, 0% used [0x00000000f4180000,0x00000000f4180000,0x00000000f6a80000)
 ParOldGen       total 117248K, used 80245K [0x00000000a0000000, 0x00000000a7280000, 0x00000000e0000000)
  object space 117248K, 68% used [0x00000000a0000000,0x00000000a4e5d470,0x00000000a7280000)
 Metaspace       used 73039K, capacity 76258K, committed 76672K, reserved 1116160K
  class space    used 9369K, capacity 9990K, committed 10112K, reserved 1048576K
}
Event: 1101.083 GC heap before
{Heap before GC invocations=29 (full 3):
 PSYoungGen      total 269312K, used 261647K [0x00000000e0000000, 0x00000000f6a80000, 0x0000000100000000)
  eden space 230400K, 100% used [0x00000000e0000000,0x00000000ee100000,0x00000000ee100000)
  from space 38912K, 80% used [0x00000000ee100000,0x00000000eff83cc0,0x00000000f0700000)
  to   space 41984K, 0% used [0x00000000f4180000,0x00000000f4180000,0x00000000f6a80000)
 ParOldGen       total 117248K, used 80245K [0x00000000a0000000, 0x00000000a7280000, 0x00000000e0000000)
  object space 117248K, 68% used [0x00000000a0000000,0x00000000a4e5d470,0x00000000a7280000)
 Metaspace       used 73193K, capacity 76450K, committed 76672K, reserved 1116160K
  class space    used 9370K, capacity 9990K, committed 10112K, reserved 1048576K
Event: 1101.156 GC heap after
Heap after GC invocations=29 (full 3):
 PSYoungGen      total 325120K, used 20001K [0x00000000e0000000, 0x00000000f6700000, 0x0000000100000000)
  eden space 286720K, 0% used [0x00000000e0000000,0x00000000e0000000,0x00000000f1800000)
  from space 38400K, 52% used [0x00000000f4180000,0x00000000f5508768,0x00000000f6700000)
  to   space 40448K, 0% used [0x00000000f1800000,0x00000000f1800000,0x00000000f3f80000)
 ParOldGen       total 117248K, used 88043K [0x00000000a0000000, 0x00000000a7280000, 0x00000000e0000000)
  object space 117248K, 75% used [0x00000000a0000000,0x00000000a55faf78,0x00000000a7280000)
 Metaspace       used 73193K, capacity 76450K, committed 76672K, reserved 1116160K
  class space    used 9370K, capacity 9990K, committed 10112K, reserved 1048576K
}
Event: 1104.363 GC heap before
{Heap before GC invocations=30 (full 3):
 PSYoungGen      total 325120K, used 306721K [0x00000000e0000000, 0x00000000f6700000, 0x0000000100000000)
  eden space 286720K, 100% used [0x00000000e0000000,0x00000000f1800000,0x00000000f1800000)
  from space 38400K, 52% used [0x00000000f4180000,0x00000000f5508768,0x00000000f6700000)
  to   space 40448K, 0% used [0x00000000f1800000,0x00000000f1800000,0x00000000f3f80000)
 ParOldGen       total 117248K, used 88043K [0x00000000a0000000, 0x00000000a7280000, 0x00000000e0000000)
  object space 117248K, 75% used [0x00000000a0000000,0x00000000a55faf78,0x00000000a7280000)
 Metaspace       used 73230K, capacity 76450K, committed 76672K, reserved 1116160K
  class space    used 9370K, capacity 9990K, committed 10112K, reserved 1048576K
Event: 1104.481 GC heap after
Heap after GC invocations=30 (full 3):
 PSYoungGen      total 327168K, used 31644K [0x00000000e0000000, 0x00000000f6700000, 0x0000000100000000)
  eden space 286720K, 0% used [0x00000000e0000000,0x00000000e0000000,0x00000000f1800000)
  from space 40448K, 78% used [0x00000000f1800000,0x00000000f36e72f8,0x00000000f3f80000)
  to   space 38400K, 0% used [0x00000000f4180000,0x00000000f4180000,0x00000000f6700000)
 ParOldGen       total 117248K, used 96849K [0x00000000a0000000, 0x00000000a7280000, 0x00000000e0000000)
  object space 117248K, 82% used [0x00000000a0000000,0x00000000a5e94548,0x00000000a7280000)
 Metaspace       used 73230K, capacity 76450K, committed 76672K, reserved 1116160K
  class space    used 9370K, capacity 9990K, committed 10112K, reserved 1048576K
}

